<?xml version="1.0" encoding="UTF-8"?>
<testng-results ignored="0" total="1" passed="1" failed="0" skipped="0">
  <reporter-output>
  </reporter-output>
  <suite started-at="2018-06-11T18:08:33Z" name="Default suite" finished-at="2018-06-11T18:08:33Z" duration-ms="38">
    <groups>
    </groups>
    <test started-at="2018-06-11T18:08:33Z" name="Default test" finished-at="2018-06-11T18:08:33Z" duration-ms="38">
      <class name="testng_framework.Report1">
        <test-method signature="test1()[pri:0, instance:testng_framework.Report1@6babf3bf]" started-at="2018-06-11T18:08:33Z" name="test1" finished-at="2018-06-11T18:08:33Z" duration-ms="11" status="PASS">
          <reporter-output>
          </reporter-output>
        </test-method> <!-- test1 -->
      </class> <!-- testng_framework.Report1 -->
    </test> <!-- Default test -->
  </suite> <!-- Default suite -->
</testng-results>
